The system is: Windows - 10.0.17134 - AMD64
Compiling the C compiler identification source file "CMakeCCompilerId.c" succeeded.
Compiler: C:/Program Files (x86)/Microsoft Visual Studio/2017/Community/VC/Tools/MSVC/14.14.26428/bin/Hostx86/x86/cl.exe 
Build flags: 
Id flags:  

The output was:
0
Microsoft (R) C/C++ Optimizing Compiler Version 19.14.26428.1 for x86
Copyright (C) Microsoft Corporation.  All rights reserved.

CMakeCCompilerId.c
Microsoft (R) Incremental Linker Version 14.14.26428.1
Copyright (C) Microsoft Corporation.  All rights reserved.

/out:CMakeCCompilerId.exe 
CMakeCCompilerId.obj 


Compilation of the C compiler identification source "CMakeCCompilerId.c" produced "CMakeCCompilerId.exe"

Compilation of the C compiler identification source "CMakeCCompilerId.c" produced "CMakeCCompilerId.obj"

The C compiler identification is MSVC, found in "D:/CPNV/BatailleNavale/BatailleNavale/cmake-build-debug/CMakeFiles/3.13.4/CompilerIdC/CMakeCCompilerId.exe"

Determining if the C compiler works passed with the following output:
Change Dir: D:/CPNV/BatailleNavale/BatailleNavale/cmake-build-debug/CMakeFiles/CMakeTmp

Run Build Command:"nmake" "/nologo" "cmTC_6dcb9\fast"
	"C:\Program Files (x86)\Microsoft Visual Studio\2017\Community\VC\Tools\MSVC\14.14.26428\bin\HostX86\x86\nmake.exe" -f CMakeFiles\cmTC_6dcb9.dir\build.make /nologo -L                  CMakeFiles\cmTC_6dcb9.dir\build
Building C object CMakeFiles/cmTC_6dcb9.dir/testCCompiler.c.obj
	C:\PROGRA~2\MICROS~1\2017\COMMUN~1\VC\Tools\MSVC\1414~1.264\bin\Hostx86\x86\cl.exe @C:\Users\Ander\AppData\Local\Temp\nmFF1D.tmp
testCCompiler.c
Linking C executable cmTC_6dcb9.exe
	"D:\Clion\CLion 2019.1\bin\cmake\win\bin\cmake.exe" -E vs_link_exe --intdir=CMakeFiles\cmTC_6dcb9.dir --manifests  -- C:\PROGRA~2\MICROS~1\2017\COMMUN~1\VC\Tools\MSVC\1414~1.264\bin\Hostx86\x86\link.exe /nologo @CMakeFiles\cmTC_6dcb9.dir\objects1.rsp @C:\Users\Ander\AppData\Local\Temp\nm76.tmp


Detecting C compiler ABI info compiled with the following output:
Change Dir: D:/CPNV/BatailleNavale/BatailleNavale/cmake-build-debug/CMakeFiles/CMakeTmp

Run Build Command:"nmake" "/nologo" "cmTC_d6ffa\fast"
	"C:\Program Files (x86)\Microsoft Visual Studio\2017\Community\VC\Tools\MSVC\14.14.26428\bin\HostX86\x86\nmake.exe" -f CMakeFiles\cmTC_d6ffa.dir\build.make /nologo -L                  CMakeFiles\cmTC_d6ffa.dir\build
Building C object CMakeFiles/cmTC_d6ffa.dir/CMakeCCompilerABI.c.obj
	C:\PROGRA~2\MICROS~1\2017\COMMUN~1\VC\Tools\MSVC\1414~1.264\bin\Hostx86\x86\cl.exe @C:\Users\Ander\AppData\Local\Temp\nm382.tmp
CMakeCCompilerABI.c
Linking C executable cmTC_d6ffa.exe
	"D:\Clion\CLion 2019.1\bin\cmake\win\bin\cmake.exe" -E vs_link_exe --intdir=CMakeFiles\cmTC_d6ffa.dir --manifests  -- C:\PROGRA~2\MICROS~1\2017\COMMUN~1\VC\Tools\MSVC\1414~1.264\bin\Hostx86\x86\link.exe /nologo @CMakeFiles\cmTC_d6ffa.dir\objects1.rsp @C:\Users\Ander\AppData\Local\Temp\nm3E1.tmp




Detecting C [] compiler features compiled with the following output:
Change Dir: D:/CPNV/BatailleNavale/BatailleNavale/cmake-build-debug/CMakeFiles/CMakeTmp

Run Build Command:"nmake" "/nologo" "cmTC_b6712\fast"
	"C:\Program Files (x86)\Microsoft Visual Studio\2017\Community\VC\Tools\MSVC\14.14.26428\bin\HostX86\x86\nmake.exe" -f CMakeFiles\cmTC_b6712.dir\build.make /nologo -L                  CMakeFiles\cmTC_b6712.dir\build
Building C object CMakeFiles/cmTC_b6712.dir/feature_tests.c.obj
	C:\PROGRA~2\MICROS~1\2017\COMMUN~1\VC\Tools\MSVC\1414~1.264\bin\Hostx86\x86\cl.exe @C:\Users\Ander\AppData\Local\Temp\nm680.tmp
feature_tests.c
Linking C executable cmTC_b6712.exe
	"D:\Clion\CLion 2019.1\bin\cmake\win\bin\cmake.exe" -E vs_link_exe --intdir=CMakeFiles\cmTC_b6712.dir --manifests  -- C:\PROGRA~2\MICROS~1\2017\COMMUN~1\VC\Tools\MSVC\1414~1.264\bin\Hostx86\x86\link.exe /nologo @CMakeFiles\cmTC_b6712.dir\objects1.rsp @C:\Users\Ander\AppData\Local\Temp\nm6CF.tmp


    Feature record: C_FEATURE:1c_function_prototypes
    Feature record: C_FEATURE:1c_variadic_macros
